
[Simulation begins] Tue Dec  8 18:30:45 2020

dt= 7.41769e-05, # iters = 2000
m x n = 8000 x 8000
processor geometry: 32 x 6

Compiled with MPI ENABLED

[Simulation completes] Tue Dec  8 18:30:54 2020

End at iteration 1999
Max norm: 9.99936e-01, L2norm: 6.74579e-01
Running Time: 9.31476 sec. [385 GFlop/sec]

   M x N   px x py Comm?   #iter  T_p, Gflops        Linf, L2
@ 8000 8000    32 6      Y     2000  9.315 384.8    9.99936e-01 6.74579e-01
  -----

[Simulation begins] Tue Dec  8 18:31:04 2020

dt= 7.41769e-05, # iters = 2000
m x n = 8000 x 8000
processor geometry: 6 x 32

Compiled with MPI ENABLED

[Simulation completes] Tue Dec  8 18:31:13 2020

End at iteration 1999
Max norm: 9.99936e-01, L2norm: 6.74579e-01
Running Time: 9.2278 sec. [388 GFlop/sec]

   M x N   px x py Comm?   #iter  T_p, Gflops        Linf, L2
@ 8000 8000    6 32      Y     2000  9.228 388.4    9.99936e-01 6.74579e-01
  -----
